{
  "RSpec": {
    "coverage": {
      "/home/raphaelly/Fullstack-Developer/spec/support/factory_bot.rb": {
        "lines": [
          1,
          1,
          null
        ]
      },
      "/home/raphaelly/Fullstack-Developer/spec/support/shoulda_matchers.rb": {
        "lines": [
          1,
          1,
          1,
          1,
          null,
          null
        ]
      },
      "/home/raphaelly/Fullstack-Developer/app/models/user.rb": {
        "lines": [
          1,
          null,
          null,
          1,
          null,
          1,
          null,
          1,
          1,
          null,
          1,
          null,
          1,
          null,
          1,
          2,
          null,
          null,
          1,
          null,
          1,
          20,
          null,
          20,
          1,
          null,
          null,
          null
        ]
      },
      "/home/raphaelly/Fullstack-Developer/app/models/application_record.rb": {
        "lines": [
          1,
          1,
          null
        ]
      },
      "/home/raphaelly/Fullstack-Developer/spec/system/homepage_spec.rb": {
        "lines": [
          1,
          null,
          1,
          1,
          1,
          null,
          1,
          1,
          1,
          null,
          null,
          1,
          null,
          null
        ]
      },
      "/home/raphaelly/Fullstack-Developer/spec/system/user/user_sign_in_spec.rb": {
        "lines": [
          1,
          null,
          1,
          1,
          1,
          1,
          null,
          1,
          1,
          null,
          1,
          1,
          1,
          1,
          null,
          null,
          1,
          1,
          1,
          null,
          null,
          null,
          1,
          1,
          1,
          null,
          1,
          1,
          null,
          1,
          1,
          null,
          null,
          1,
          1,
          1,
          1,
          null,
          null,
          null
        ]
      },
      "/home/raphaelly/Fullstack-Developer/config/routes.rb": {
        "lines": [
          1,
          1,
          null,
          null,
          null,
          null,
          1,
          null,
          null,
          null,
          null,
          null,
          null,
          1,
          null
        ]
      },
      "/home/raphaelly/Fullstack-Developer/app/controllers/home_controller.rb": {
        "lines": [
          1,
          1,
          null,
          null
        ]
      },
      "/home/raphaelly/Fullstack-Developer/app/controllers/application_controller.rb": {
        "lines": [
          1,
          null,
          1,
          null
        ]
      }
    },
    "timestamp": 1762128486
  }
}
